03/28 15:58:49 [Thread-3] ERROR (Program.java:34) - Subscribing failed.
redis.clients.jedis.exceptions.JedisDataException: NOAUTH Authentication required.
	at redis.clients.jedis.Protocol.processError(Protocol.java:117)
	at redis.clients.jedis.Protocol.process(Protocol.java:151)
	at redis.clients.jedis.Protocol.read(Protocol.java:205)
	at redis.clients.jedis.Connection.readProtocolWithCheckingBroken(Connection.java:297)
	at redis.clients.jedis.Connection.getRawObjectMultiBulkReply(Connection.java:242)
	at redis.clients.jedis.JedisPubSub.process(JedisPubSub.java:108)
	at redis.clients.jedis.JedisPubSub.proceed(JedisPubSub.java:102)
	at redis.clients.jedis.Jedis.subscribe(Jedis.java:2591)
	at com.edu.redis.pub.Program$1.run(Program.java:31)
	at java.lang.Thread.run(Thread.java:662)
03/28 16:01:54 [Thread-3] ERROR (Program.java:35) - Subscribing failed.
redis.clients.jedis.exceptions.JedisDataException: ERR only (P)SUBSCRIBE / (P)UNSUBSCRIBE / QUIT allowed in this context
	at redis.clients.jedis.Protocol.processError(Protocol.java:117)
	at redis.clients.jedis.Protocol.process(Protocol.java:151)
	at redis.clients.jedis.Protocol.read(Protocol.java:205)
	at redis.clients.jedis.Connection.readProtocolWithCheckingBroken(Connection.java:297)
	at redis.clients.jedis.Connection.getRawObjectMultiBulkReply(Connection.java:242)
	at redis.clients.jedis.JedisPubSub.process(JedisPubSub.java:108)
	at redis.clients.jedis.JedisPubSub.proceed(JedisPubSub.java:102)
	at redis.clients.jedis.Jedis.subscribe(Jedis.java:2591)
	at com.edu.redis.pub.Program$1.run(Program.java:32)
	at java.lang.Thread.run(Thread.java:662)
03/28 16:02:13 [Thread-3] ERROR (Program.java:35) - Subscribing failed.
redis.clients.jedis.exceptions.JedisDataException: ERR only (P)SUBSCRIBE / (P)UNSUBSCRIBE / QUIT allowed in this context
	at redis.clients.jedis.Protocol.processError(Protocol.java:117)
	at redis.clients.jedis.Protocol.process(Protocol.java:151)
	at redis.clients.jedis.Protocol.read(Protocol.java:205)
	at redis.clients.jedis.Connection.readProtocolWithCheckingBroken(Connection.java:297)
	at redis.clients.jedis.Connection.getRawObjectMultiBulkReply(Connection.java:242)
	at redis.clients.jedis.JedisPubSub.process(JedisPubSub.java:108)
	at redis.clients.jedis.JedisPubSub.proceed(JedisPubSub.java:102)
	at redis.clients.jedis.Jedis.subscribe(Jedis.java:2591)
	at com.edu.redis.pub.Program$1.run(Program.java:32)
	at java.lang.Thread.run(Thread.java:662)
03/28 16:06:41 [Thread-3] ERROR (Program.java:35) - Subscribing failed.
redis.clients.jedis.exceptions.JedisDataException: ERR only (P)SUBSCRIBE / (P)UNSUBSCRIBE / QUIT allowed in this context
	at redis.clients.jedis.Protocol.processError(Protocol.java:117)
	at redis.clients.jedis.Protocol.process(Protocol.java:151)
	at redis.clients.jedis.Protocol.read(Protocol.java:205)
	at redis.clients.jedis.Connection.readProtocolWithCheckingBroken(Connection.java:297)
	at redis.clients.jedis.Connection.getRawObjectMultiBulkReply(Connection.java:242)
	at redis.clients.jedis.JedisPubSub.process(JedisPubSub.java:108)
	at redis.clients.jedis.JedisPubSub.proceed(JedisPubSub.java:102)
	at redis.clients.jedis.Jedis.subscribe(Jedis.java:2591)
	at com.edu.redis.pub.Program$1.run(Program.java:32)
	at java.lang.Thread.run(Thread.java:662)
03/28 16:06:53 [Thread-3] ERROR (Program.java:35) - Subscribing failed.
redis.clients.jedis.exceptions.JedisDataException: ERR only (P)SUBSCRIBE / (P)UNSUBSCRIBE / QUIT allowed in this context
	at redis.clients.jedis.Protocol.processError(Protocol.java:117)
	at redis.clients.jedis.Protocol.process(Protocol.java:151)
	at redis.clients.jedis.Protocol.read(Protocol.java:205)
	at redis.clients.jedis.Connection.readProtocolWithCheckingBroken(Connection.java:297)
	at redis.clients.jedis.Connection.getRawObjectMultiBulkReply(Connection.java:242)
	at redis.clients.jedis.JedisPubSub.process(JedisPubSub.java:108)
	at redis.clients.jedis.JedisPubSub.proceed(JedisPubSub.java:102)
	at redis.clients.jedis.Jedis.subscribe(Jedis.java:2591)
	at com.edu.redis.pub.Program$1.run(Program.java:32)
	at java.lang.Thread.run(Thread.java:662)
03/28 16:11:12 [Thread-3] ERROR (Program.java:36) - Subscribing failed.
redis.clients.jedis.exceptions.JedisDataException: ERR only (P)SUBSCRIBE / (P)UNSUBSCRIBE / QUIT allowed in this context
	at redis.clients.jedis.Protocol.processError(Protocol.java:117)
	at redis.clients.jedis.Protocol.process(Protocol.java:151)
	at redis.clients.jedis.Protocol.read(Protocol.java:205)
	at redis.clients.jedis.Connection.readProtocolWithCheckingBroken(Connection.java:297)
	at redis.clients.jedis.Connection.getRawObjectMultiBulkReply(Connection.java:242)
	at redis.clients.jedis.JedisPubSub.process(JedisPubSub.java:108)
	at redis.clients.jedis.JedisPubSub.proceed(JedisPubSub.java:102)
	at redis.clients.jedis.Jedis.subscribe(Jedis.java:2591)
	at com.edu.redis.pub.Program$1.run(Program.java:33)
	at java.lang.Thread.run(Thread.java:662)
03/28 16:12:35 [Thread-3] ERROR (Program.java:36) - Subscribing failed.
redis.clients.jedis.exceptions.JedisDataException: ERR only (P)SUBSCRIBE / (P)UNSUBSCRIBE / QUIT allowed in this context
	at redis.clients.jedis.Protocol.processError(Protocol.java:117)
	at redis.clients.jedis.Protocol.process(Protocol.java:151)
	at redis.clients.jedis.Protocol.read(Protocol.java:205)
	at redis.clients.jedis.Connection.readProtocolWithCheckingBroken(Connection.java:297)
	at redis.clients.jedis.Connection.getRawObjectMultiBulkReply(Connection.java:242)
	at redis.clients.jedis.JedisPubSub.process(JedisPubSub.java:108)
	at redis.clients.jedis.JedisPubSub.proceed(JedisPubSub.java:102)
	at redis.clients.jedis.Jedis.subscribe(Jedis.java:2591)
	at com.edu.redis.pub.Program$1.run(Program.java:33)
	at java.lang.Thread.run(Thread.java:662)
